Traceback (most recent call last):
  File "C:\Users\silve\anaconda3\lib\site-packages\jupyter_cache\executors\utils.py", line 58, in single_nb_execution
    executenb(
  File "C:\Users\silve\anaconda3\lib\site-packages\nbclient\client.py", line 1204, in execute
    return NotebookClient(nb=nb, resources=resources, km=km, **kwargs).execute()
  File "C:\Users\silve\anaconda3\lib\site-packages\nbclient\util.py", line 84, in wrapped
    return just_run(coro(*args, **kwargs))
  File "C:\Users\silve\anaconda3\lib\site-packages\nbclient\util.py", line 62, in just_run
    return loop.run_until_complete(coro)
  File "C:\Users\silve\anaconda3\lib\asyncio\base_events.py", line 649, in run_until_complete
    return future.result()
  File "C:\Users\silve\anaconda3\lib\site-packages\nbclient\client.py", line 663, in async_execute
    await self.async_execute_cell(
  File "C:\Users\silve\anaconda3\lib\site-packages\nbclient\client.py", line 965, in async_execute_cell
    await self._check_raise_for_error(cell, cell_index, exec_reply)
  File "C:\Users\silve\anaconda3\lib\site-packages\nbclient\client.py", line 862, in _check_raise_for_error
    raise CellExecutionError.from_cell_and_msg(cell, exec_reply_content)
nbclient.exceptions.CellExecutionError: An error occurred while executing the following cell:
------------------
df = df.drop(columns=['Avg Speed'])
df
------------------

[1;31m---------------------------------------------------------------------------[0m
[1;31mKeyError[0m                                  Traceback (most recent call last)
Cell [1;32mIn[30], line 1[0m
[1;32m----> 1[0m df [38;5;241m=[39m [43mdf[49m[38;5;241;43m.[39;49m[43mdrop[49m[43m([49m[43mcolumns[49m[38;5;241;43m=[39;49m[43m[[49m[38;5;124;43m'[39;49m[38;5;124;43mAvg Speed[39;49m[38;5;124;43m'[39;49m[43m][49m[43m)[49m
[0;32m      2[0m df

File [1;32m~\anaconda3\lib\site-packages\pandas\util\_decorators.py:331[0m, in [0;36mdeprecate_nonkeyword_arguments.<locals>.decorate.<locals>.wrapper[1;34m(*args, **kwargs)[0m
[0;32m    325[0m [38;5;28;01mif[39;00m [38;5;28mlen[39m(args) [38;5;241m>[39m num_allow_args:
[0;32m    326[0m     warnings[38;5;241m.[39mwarn(
[0;32m    327[0m         msg[38;5;241m.[39mformat(arguments[38;5;241m=[39m_format_argument_list(allow_args)),
[0;32m    328[0m         [38;5;167;01mFutureWarning[39;00m,
[0;32m    329[0m         stacklevel[38;5;241m=[39mfind_stack_level(),
[0;32m    330[0m     )
[1;32m--> 331[0m [38;5;28;01mreturn[39;00m func([38;5;241m*[39margs, [38;5;241m*[39m[38;5;241m*[39mkwargs)

File [1;32m~\anaconda3\lib\site-packages\pandas\core\frame.py:5399[0m, in [0;36mDataFrame.drop[1;34m(self, labels, axis, index, columns, level, inplace, errors)[0m
[0;32m   5251[0m [38;5;129m@deprecate_nonkeyword_arguments[39m(version[38;5;241m=[39m[38;5;28;01mNone[39;00m, allowed_args[38;5;241m=[39m[[38;5;124m"[39m[38;5;124mself[39m[38;5;124m"[39m, [38;5;124m"[39m[38;5;124mlabels[39m[38;5;124m"[39m])
[0;32m   5252[0m [38;5;28;01mdef[39;00m [38;5;21mdrop[39m(  [38;5;66;03m# type: ignore[override][39;00m
[0;32m   5253[0m     [38;5;28mself[39m,
[1;32m   (...)[0m
[0;32m   5260[0m     errors: IgnoreRaise [38;5;241m=[39m [38;5;124m"[39m[38;5;124mraise[39m[38;5;124m"[39m,
[0;32m   5261[0m ) [38;5;241m-[39m[38;5;241m>[39m DataFrame [38;5;241m|[39m [38;5;28;01mNone[39;00m:
[0;32m   5262[0m [38;5;250m    [39m[38;5;124;03m"""[39;00m
[0;32m   5263[0m [38;5;124;03m    Drop specified labels from rows or columns.[39;00m
[0;32m   5264[0m 
[1;32m   (...)[0m
[0;32m   5397[0m [38;5;124;03m            weight  1.0     0.8[39;00m
[0;32m   5398[0m [38;5;124;03m    """[39;00m
[1;32m-> 5399[0m     [38;5;28;01mreturn[39;00m [38;5;28;43msuper[39;49m[43m([49m[43m)[49m[38;5;241;43m.[39;49m[43mdrop[49m[43m([49m
[0;32m   5400[0m [43m        [49m[43mlabels[49m[38;5;241;43m=[39;49m[43mlabels[49m[43m,[49m
[0;32m   5401[0m [43m        [49m[43maxis[49m[38;5;241;43m=[39;49m[43maxis[49m[43m,[49m
[0;32m   5402[0m [43m        [49m[43mindex[49m[38;5;241;43m=[39;49m[43mindex[49m[43m,[49m
[0;32m   5403[0m [43m        [49m[43mcolumns[49m[38;5;241;43m=[39;49m[43mcolumns[49m[43m,[49m
[0;32m   5404[0m [43m        [49m[43mlevel[49m[38;5;241;43m=[39;49m[43mlevel[49m[43m,[49m
[0;32m   5405[0m [43m        [49m[43minplace[49m[38;5;241;43m=[39;49m[43minplace[49m[43m,[49m
[0;32m   5406[0m [43m        [49m[43merrors[49m[38;5;241;43m=[39;49m[43merrors[49m[43m,[49m
[0;32m   5407[0m [43m    [49m[43m)[49m

File [1;32m~\anaconda3\lib\site-packages\pandas\util\_decorators.py:331[0m, in [0;36mdeprecate_nonkeyword_arguments.<locals>.decorate.<locals>.wrapper[1;34m(*args, **kwargs)[0m
[0;32m    325[0m [38;5;28;01mif[39;00m [38;5;28mlen[39m(args) [38;5;241m>[39m num_allow_args:
[0;32m    326[0m     warnings[38;5;241m.[39mwarn(
[0;32m    327[0m         msg[38;5;241m.[39mformat(arguments[38;5;241m=[39m_format_argument_list(allow_args)),
[0;32m    328[0m         [38;5;167;01mFutureWarning[39;00m,
[0;32m    329[0m         stacklevel[38;5;241m=[39mfind_stack_level(),
[0;32m    330[0m     )
[1;32m--> 331[0m [38;5;28;01mreturn[39;00m func([38;5;241m*[39margs, [38;5;241m*[39m[38;5;241m*[39mkwargs)

File [1;32m~\anaconda3\lib\site-packages\pandas\core\generic.py:4505[0m, in [0;36mNDFrame.drop[1;34m(self, labels, axis, index, columns, level, inplace, errors)[0m
[0;32m   4503[0m [38;5;28;01mfor[39;00m axis, labels [38;5;129;01min[39;00m axes[38;5;241m.[39mitems():
[0;32m   4504[0m     [38;5;28;01mif[39;00m labels [38;5;129;01mis[39;00m [38;5;129;01mnot[39;00m [38;5;28;01mNone[39;00m:
[1;32m-> 4505[0m         obj [38;5;241m=[39m [43mobj[49m[38;5;241;43m.[39;49m[43m_drop_axis[49m[43m([49m[43mlabels[49m[43m,[49m[43m [49m[43maxis[49m[43m,[49m[43m [49m[43mlevel[49m[38;5;241;43m=[39;49m[43mlevel[49m[43m,[49m[43m [49m[43merrors[49m[38;5;241;43m=[39;49m[43merrors[49m[43m)[49m
[0;32m   4507[0m [38;5;28;01mif[39;00m inplace:
[0;32m   4508[0m     [38;5;28mself[39m[38;5;241m.[39m_update_inplace(obj)

File [1;32m~\anaconda3\lib\site-packages\pandas\core\generic.py:4546[0m, in [0;36mNDFrame._drop_axis[1;34m(self, labels, axis, level, errors, only_slice)[0m
[0;32m   4544[0m         new_axis [38;5;241m=[39m axis[38;5;241m.[39mdrop(labels, level[38;5;241m=[39mlevel, errors[38;5;241m=[39merrors)
[0;32m   4545[0m     [38;5;28;01melse[39;00m:
[1;32m-> 4546[0m         new_axis [38;5;241m=[39m [43maxis[49m[38;5;241;43m.[39;49m[43mdrop[49m[43m([49m[43mlabels[49m[43m,[49m[43m [49m[43merrors[49m[38;5;241;43m=[39;49m[43merrors[49m[43m)[49m
[0;32m   4547[0m     indexer [38;5;241m=[39m axis[38;5;241m.[39mget_indexer(new_axis)
[0;32m   4549[0m [38;5;66;03m# Case for non-unique axis[39;00m
[0;32m   4550[0m [38;5;28;01melse[39;00m:

File [1;32m~\anaconda3\lib\site-packages\pandas\core\indexes\base.py:6934[0m, in [0;36mIndex.drop[1;34m(self, labels, errors)[0m
[0;32m   6932[0m [38;5;28;01mif[39;00m mask[38;5;241m.[39many():
[0;32m   6933[0m     [38;5;28;01mif[39;00m errors [38;5;241m!=[39m [38;5;124m"[39m[38;5;124mignore[39m[38;5;124m"[39m:
[1;32m-> 6934[0m         [38;5;28;01mraise[39;00m [38;5;167;01mKeyError[39;00m([38;5;124mf[39m[38;5;124m"[39m[38;5;132;01m{[39;00m[38;5;28mlist[39m(labels[mask])[38;5;132;01m}[39;00m[38;5;124m not found in axis[39m[38;5;124m"[39m)
[0;32m   6935[0m     indexer [38;5;241m=[39m indexer[[38;5;241m~[39mmask]
[0;32m   6936[0m [38;5;28;01mreturn[39;00m [38;5;28mself[39m[38;5;241m.[39mdelete(indexer)

[1;31mKeyError[0m: "['Avg Speed'] not found in axis"
KeyError: "['Avg Speed'] not found in axis"

